1606946666912	geckodriver	INFO	Listening on 127.0.0.1:64325
1606946667922	mozrunner::runner	INFO	Running command: "/Applications/Firefox.app/Contents/MacOS/firefox-bin" "--marionette" "-foreground" "-no-remote" "-profile" "/var/folders/20/5h1x445n4tj0hbhtslyj5jlm0000gn/T/rust_mozprofile3wLaX8"
console.warn: SearchSettings: "get: No settings file exists, new profile?" (new Error("", "(unknown module)"))
1606946670323	Marionette	INFO	Listening on port 64340
1606946670397	Marionette	WARN	TLS certificate errors will be ignored for this session
console.warn: LoginRecipes: "getRecipes: falling back to a synchronous message for:" "https://validateservices.com"
1606946752362	geckodriver	INFO	Listening on 127.0.0.1:64769
1606946752373	mozrunner::runner	INFO	Running command: "/Applications/Firefox.app/Contents/MacOS/firefox-bin" "--marionette" "-foreground" "-no-remote" "-profile" "/var/folders/20/5h1x445n4tj0hbhtslyj5jlm0000gn/T/rust_mozprofilev5VtwU"
console.warn: SearchSettings: "get: No settings file exists, new profile?" (new Error("", "(unknown module)"))
1606946754829	Marionette	INFO	Listening on port 64778
1606946754882	Marionette	WARN	TLS certificate errors will be ignored for this session
1606946758668	Marionette	INFO	Stopped listening on port 64340
1606946803072	geckodriver	INFO	Listening on 127.0.0.1:65061
1606946803084	mozrunner::runner	INFO	Running command: "/Applications/Firefox.app/Contents/MacOS/firefox-bin" "--marionette" "-foreground" "-no-remote" "-profile" "/var/folders/20/5h1x445n4tj0hbhtslyj5jlm0000gn/T/rust_mozprofilexMDo20"
console.warn: SearchSettings: "get: No settings file exists, new profile?" (new Error("", "(unknown module)"))
1606946805437	Marionette	INFO	Listening on port 65070
1606946805461	Marionette	WARN	TLS certificate errors will be ignored for this session
1606946841772	Marionette	INFO	Stopped listening on port 65070
1606947395746	Marionette	INFO	Stopped listening on port 64778
1606947401463	geckodriver	INFO	Listening on 127.0.0.1:51275
1606947401476	mozrunner::runner	INFO	Running command: "/Applications/Firefox.app/Contents/MacOS/firefox-bin" "--marionette" "-foreground" "-no-remote" "-profile" "/var/folders/20/5h1x445n4tj0hbhtslyj5jlm0000gn/T/rust_mozprofilePwoBK5"
console.warn: SearchSettings: "get: No settings file exists, new profile?" (new Error("", "(unknown module)"))
1606947403786	Marionette	INFO	Listening on port 51284
1606947403837	Marionette	WARN	TLS certificate errors will be ignored for this session
1606947470481	Marionette	INFO	Stopped listening on port 51284
1606947472818	geckodriver	INFO	Listening on 127.0.0.1:51649
1606947472831	mozrunner::runner	INFO	Running command: "/Applications/Firefox.app/Contents/MacOS/firefox-bin" "--marionette" "-foreground" "-no-remote" "-profile" "/var/folders/20/5h1x445n4tj0hbhtslyj5jlm0000gn/T/rust_mozprofile9ukdUB"
console.warn: SearchSettings: "get: No settings file exists, new profile?" (new Error("", "(unknown module)"))
1606947475032	Marionette	INFO	Listening on port 51658
1606947475131	Marionette	WARN	TLS certificate errors will be ignored for this session
1606947506855	Marionette	INFO	Stopped listening on port 51658
1606947873344	geckodriver	INFO	Listening on 127.0.0.1:53517
1606947873357	mozrunner::runner	INFO	Running command: "/Applications/Firefox.app/Contents/MacOS/firefox-bin" "--marionette" "-foreground" "-no-remote" "-profile" "/var/folders/20/5h1x445n4tj0hbhtslyj5jlm0000gn/T/rust_mozprofileFXS4vQ"
console.warn: SearchSettings: "get: No settings file exists, new profile?" (new Error("", "(unknown module)"))
1606947875665	Marionette	INFO	Listening on port 53526
1606947875753	Marionette	WARN	TLS certificate errors will be ignored for this session
1606947920303	Marionette	INFO	Stopped listening on port 53526
1606947922771	geckodriver	INFO	Listening on 127.0.0.1:53797
1606947922783	mozrunner::runner	INFO	Running command: "/Applications/Firefox.app/Contents/MacOS/firefox-bin" "--marionette" "-foreground" "-no-remote" "-profile" "/var/folders/20/5h1x445n4tj0hbhtslyj5jlm0000gn/T/rust_mozprofiledVMnaT"
console.warn: SearchSettings: "get: No settings file exists, new profile?" (new Error("", "(unknown module)"))
1606947925073	Marionette	INFO	Listening on port 53806
1606947925180	Marionette	WARN	TLS certificate errors will be ignored for this session
1606947962667	Marionette	INFO	Stopped listening on port 53806
1606948123919	geckodriver	INFO	Listening on 127.0.0.1:54857
1606948123919	geckodriver	INFO	Listening on 127.0.0.1:54856
1606948123931	mozrunner::runner	INFO	Running command: "/Applications/Firefox.app/Contents/MacOS/firefox-bin" "--marionette" "-foreground" "-no-remote" "-profile" "/var/folders/20/5h1x445n4tj0hbhtslyj5jlm0000gn/T/rust_mozprofile2nneKT"
1606948123933	mozrunner::runner	INFO	Running command: "/Applications/Firefox.app/Contents/MacOS/firefox-bin" "--marionette" "-foreground" "-no-remote" "-profile" "/var/folders/20/5h1x445n4tj0hbhtslyj5jlm0000gn/T/rust_mozprofile56kFSt"
console.warn: SearchSettings: "get: No settings file exists, new profile?" (new Error("", "(unknown module)"))
console.warn: SearchSettings: "get: No settings file exists, new profile?" (new Error("", "(unknown module)"))
1606948126741	Marionette	INFO	Listening on port 54875
1606948126805	Marionette	INFO	Listening on port 54870
1606948126845	Marionette	WARN	TLS certificate errors will be ignored for this session
1606948126856	Marionette	WARN	TLS certificate errors will be ignored for this session
1606948136061	Marionette	INFO	Stopped listening on port 54870
1606948213883	Marionette	INFO	Stopped listening on port 54875
1606948757794	geckodriver	INFO	Listening on 127.0.0.1:57638
1606948757794	geckodriver	INFO	Listening on 127.0.0.1:57637
1606948757807	mozrunner::runner	INFO	Running command: "/Applications/Firefox.app/Contents/MacOS/firefox-bin" "--marionette" "-foreground" "-no-remote" "-profile" "/var/folders/20/5h1x445n4tj0hbhtslyj5jlm0000gn/T/rust_mozprofileRjZKZh"
1606948757807	mozrunner::runner	INFO	Running command: "/Applications/Firefox.app/Contents/MacOS/firefox-bin" "--marionette" "-foreground" "-no-remote" "-profile" "/var/folders/20/5h1x445n4tj0hbhtslyj5jlm0000gn/T/rust_mozprofilewPYYP0"
console.warn: SearchSettings: "get: No settings file exists, new profile?" (new Error("", "(unknown module)"))
console.warn: SearchSettings: "get: No settings file exists, new profile?" (new Error("", "(unknown module)"))
1606948760539	Marionette	INFO	Listening on port 57655
1606948760710	Marionette	WARN	TLS certificate errors will be ignored for this session
1606948760711	Marionette	INFO	Listening on port 57656
1606948760808	Marionette	WARN	TLS certificate errors will be ignored for this session
1606948769377	Marionette	INFO	Stopped listening on port 57656
1606948793118	Marionette	INFO	Stopped listening on port 57655
1606948907401	geckodriver	INFO	Listening on 127.0.0.1:58457
1606948907401	geckodriver	INFO	Listening on 127.0.0.1:58458
1606948907414	mozrunner::runner	INFO	Running command: "/Applications/Firefox.app/Contents/MacOS/firefox-bin" "--marionette" "-foreground" "-no-remote" "-profile" "/var/folders/20/5h1x445n4tj0hbhtslyj5jlm0000gn/T/rust_mozprofilesHsQ3a"
1606948907415	mozrunner::runner	INFO	Running command: "/Applications/Firefox.app/Contents/MacOS/firefox-bin" "--marionette" "-foreground" "-no-remote" "-profile" "/var/folders/20/5h1x445n4tj0hbhtslyj5jlm0000gn/T/rust_mozprofiledwT4vU"
console.warn: SearchSettings: "get: No settings file exists, new profile?" (new Error("", "(unknown module)"))
console.warn: SearchSettings: "get: No settings file exists, new profile?" (new Error("", "(unknown module)"))
1606948910111	Marionette	INFO	Listening on port 58476
1606948910214	Marionette	WARN	TLS certificate errors will be ignored for this session
1606948910232	Marionette	INFO	Listening on port 58474
1606948910323	Marionette	WARN	TLS certificate errors will be ignored for this session
1606948917663	Marionette	INFO	Stopped listening on port 58474
1606948937566	Marionette	INFO	Stopped listening on port 58476
1606949001716	geckodriver	INFO	Listening on 127.0.0.1:59012
1606949001716	geckodriver	INFO	Listening on 127.0.0.1:59013
1606949001739	mozrunner::runner	INFO	Running command: "/Applications/Firefox.app/Contents/MacOS/firefox-bin" "--marionette" "-foreground" "-no-remote" "-profile" "/var/folders/20/5h1x445n4tj0hbhtslyj5jlm0000gn/T/rust_mozprofileDOlktq"
1606949001739	mozrunner::runner	INFO	Running command: "/Applications/Firefox.app/Contents/MacOS/firefox-bin" "--marionette" "-foreground" "-no-remote" "-profile" "/var/folders/20/5h1x445n4tj0hbhtslyj5jlm0000gn/T/rust_mozprofileYpW7HY"
console.warn: SearchSettings: "get: No settings file exists, new profile?" (new Error("", "(unknown module)"))
console.warn: SearchSettings: "get: No settings file exists, new profile?" (new Error("", "(unknown module)"))
1606949004260	Marionette	INFO	Listening on port 59030
1606949004261	Marionette	INFO	Listening on port 59031
1606949004387	Marionette	WARN	TLS certificate errors will be ignored for this session
1606949004534	Marionette	WARN	TLS certificate errors will be ignored for this session
1606949019000	Marionette	INFO	Stopped listening on port 59031
1606949038045	Marionette	INFO	Stopped listening on port 59030
1606949557771	geckodriver	INFO	Listening on 127.0.0.1:61801
1606949557783	mozrunner::runner	INFO	Running command: "/Applications/Firefox.app/Contents/MacOS/firefox-bin" "--marionette" "-foreground" "-no-remote" "-profile" "/var/folders/20/5h1x445n4tj0hbhtslyj5jlm0000gn/T/rust_mozprofile4ORcEe"
console.warn: SearchSettings: "get: No settings file exists, new profile?" (new Error("", "(unknown module)"))
1606949560405	Marionette	INFO	Listening on port 61810
1606949560480	Marionette	WARN	TLS certificate errors will be ignored for this session
1606949590911	Marionette	INFO	Stopped listening on port 61810
1606952260099	geckodriver	INFO	Listening on 127.0.0.1:55157
1606952261111	mozrunner::runner	INFO	Running command: "/Applications/Firefox.app/Contents/MacOS/firefox-bin" "--marionette" "-headless" "-foreground" "-no-remote" "-profile" "/var/folders/20/5h1x445n4tj0hbhtslyj5jlm0000gn/T/rust_mozprofileYNkfTx"
*** You are running in headless mode.
console.warn: SearchSettings: "get: No settings file exists, new profile?" (new Error("", "(unknown module)"))
1606952263328	Marionette	INFO	Listening on port 55172
1606952263373	Marionette	WARN	TLS certificate errors will be ignored for this session
1606952272082	Marionette	INFO	Stopped listening on port 55172
1606952272554	geckodriver	INFO	Listening on 127.0.0.1:55276
1606952273563	mozrunner::runner	INFO	Running command: "/Applications/Firefox.app/Contents/MacOS/firefox-bin" "--marionette" "-headless" "-foreground" "-no-remote" "-profile" "/var/folders/20/5h1x445n4tj0hbhtslyj5jlm0000gn/T/rust_mozprofileYoHPyK"
*** You are running in headless mode.
console.warn: SearchSettings: "get: No settings file exists, new profile?" (new Error("", "(unknown module)"))
1606952275272	Marionette	INFO	Listening on port 55292
1606952275303	Marionette	WARN	TLS certificate errors will be ignored for this session
1606952303512	Marionette	INFO	Stopped listening on port 55292

###!!! [Child][RunMessage] Error: Channel closing: too late to send/recv, messages will be lost


###!!! [Child][RunMessage] Error: Channel closing: too late to send/recv, messages will be lost

